labels 1 0
1 0.884104 0.115896
1 0.894268 0.105732
1 0.881547 0.118453
1 0.866996 0.133004
1 0.873507 0.126493
1 0.884104 0.115896
0 0.314914 0.685086
1 0.892686 0.107314
1 0.885373 0.114627
1 0.885373 0.114627
1 0.89648 0.10352
1 0.869513 0.130487
1 0.882302 0.117698
1 0.882752 0.117248
1 0.881547 0.118453
0 0.413056 0.586944
0 0.242363 0.757637
1 0.886207 0.113793
1 0.883083 0.116917
0 0.392131 0.607869
1 0.908241 0.0917594
1 0.884104 0.115896
0 0.276743 0.723257
1 0.860402 0.139598
0 0.238877 0.761123
0 0.345464 0.654536
0 0.482503 0.517497
1 0.865692 0.134308
1 0.887492 0.112508
0 0.489363 0.510637
1 0.614474 0.385526
0 0.415324 0.584676
0 0.333611 0.666389
1 0.891119 0.108881
0 0.246385 0.753615
1 0.874074 0.125926
0 0.133703 0.866297
1 0.883083 0.116917
0 0.136132 0.863868
0 0.251398 0.748602
0 0.39467 0.60533
0 0.13008 0.86992
1 0.869275 0.130725
1 0.783067 0.216933
0 0.305803 0.694197
1 0.867203 0.132797
0 0.185352 0.814648
0 0.177975 0.822025
1 0.730866 0.269134
1 0.874189 0.125811
1 0.651666 0.348334
0 0.246009 0.753991
0 0.431181 0.568819
1 0.874335 0.125665
1 0.838884 0.161116
1 0.876553 0.123447
1 0.887121 0.112879
1 0.884146 0.115854
1 0.884104 0.115896
0 0.177975 0.822025
1 0.900431 0.0995692
1 0.883083 0.116917
0 0.316097 0.683903
1 0.879625 0.120375
1 0.884857 0.115143
1 0.885915 0.114085
1 0.860402 0.139598
1 0.872365 0.127635
0 0.261964 0.738036
0 0.33388 0.66612
0 0.200154 0.799846
0 0.18132 0.81868
1 0.881547 0.118453
0 0.247013 0.752987
1 0.884104 0.115896
1 0.797519 0.202481
1 0.887492 0.112508
1 0.890465 0.109535
1 0.874527 0.125473
1 0.887492 0.112508
1 0.887492 0.112508
1 0.807659 0.192341
1 0.788531 0.211469
0 0.177975 0.822025
0 0.246988 0.753012
1 0.885373 0.114627
0 0.431341 0.568659
1 0.905451 0.0945491
1 0.871863 0.128137
0 0.178844 0.821156
1 0.884104 0.115896
1 0.883083 0.116917
0 0.248054 0.751946
0 0.179184 0.820816
1 0.883083 0.116917
1 0.887492 0.112508
0 0.182002 0.817998
0 0.242363 0.757637
1 0.820646 0.179354
1 0.885373 0.114627
1 0.884104 0.115896
1 0.884104 0.115896
1 0.950269 0.0497313
0 0.250246 0.749754
0 0.1382 0.8618
1 0.884104 0.115896
1 0.883083 0.116917
1 0.884104 0.115896
1 0.887492 0.112508
1 0.882752 0.117248
1 0.884454 0.115546
1 0.569158 0.430842
1 0.884104 0.115896
1 0.884104 0.115896
1 0.882752 0.117248
1 0.884146 0.115854
1 0.841644 0.158356
1 0.884104 0.115896
1 0.879588 0.120412
1 0.882752 0.117248
1 0.890627 0.109373
1 0.873507 0.126493
1 0.884104 0.115896
1 0.884104 0.115896
1 0.884104 0.115896
1 0.873706 0.126294
0 0.207482 0.792518
1 0.871702 0.128298
1 0.525292 0.474708
1 0.869222 0.130778
1 0.87941 0.12059
1 0.884104 0.115896
1 0.879588 0.120412
1 0.884104 0.115896
1 0.874544 0.125456
0 0.242363 0.757637
0 0.415766 0.584234
0 0.440736 0.559264
1 0.883985 0.116015
0 0.179184 0.820816
0 0.400632 0.599368
0 0.269795 0.730205
0 0.333611 0.666389
1 0.869852 0.130148
1 0.871702 0.128298
1 0.878743 0.121257
0 0.319561 0.680439
0 0.219329 0.780671
0 0.186287 0.813713
0 0.352901 0.647099
0 0.18279 0.81721
0 0.217522 0.782478
1 0.883083 0.116917
1 0.878483 0.121517
0 0.478106 0.521894
0 0.179172 0.820828
1 0.797472 0.202528
1 0.884104 0.115896
1 0.868579 0.131421
1 0.883083 0.116917
1 0.87327 0.12673
1 0.884104 0.115896
1 0.874154 0.125846
1 0.879796 0.120204
1 0.887492 0.112508
1 0.883083 0.116917
0 0.190338 0.809662
0 0.323016 0.676984
0 0.416403 0.583597
1 0.787064 0.212936
0 0.335898 0.664102
0 0.268153 0.731847
1 0.896163 0.103837
1 0.88728 0.11272
1 0.883083 0.116917
1 0.87941 0.12059
0 0.226947 0.773053
1 0.884104 0.115896
1 0.892273 0.107727
0 0.331644 0.668356
0 0.177975 0.822025
1 0.875635 0.124365
1 0.884104 0.115896
1 0.887492 0.112508
1 0.651494 0.348506
1 0.871702 0.128298
0 0.331644 0.668356
1 0.868168 0.131832
1 0.874544 0.125456
1 0.884835 0.115165
1 0.737367 0.262633
1 0.908666 0.0913337
1 0.574986 0.425014
1 0.882795 0.117205
1 0.871739 0.128261
0 0.187247 0.812753
0 0.245415 0.754585
1 0.883083 0.116917
1 0.656743 0.343257
1 0.897014 0.102986
0 0.242363 0.757637
1 0.912581 0.0874188
1 0.858648 0.141352
1 0.885373 0.114627
1 0.887492 0.112508
0 0.134333 0.865667
1 0.872427 0.127573
1 0.887285 0.112715
1 0.883083 0.116917
1 0.588237 0.411763
0 0.348451 0.651549
1 0.76118 0.23882
1 0.871739 0.128261
1 0.884104 0.115896
0 0.147108 0.852892
1 0.866676 0.133324
1 0.885373 0.114627
1 0.884104 0.115896
1 0.869513 0.130487
0 0.341199 0.658801
1 0.888022 0.111978
1 0.887492 0.112508
1 0.884104 0.115896
1 0.893645 0.106355
1 0.884104 0.115896
1 0.892686 0.107314
0 0.2883 0.7117
1 0.891111 0.108889
1 0.882752 0.117248
1 0.879952 0.120048
1 0.775373 0.224627
1 0.888561 0.111439
1 0.884146 0.115854
0 0.342772 0.657228
0 0.180936 0.819064
1 0.887492 0.112508
1 0.884013 0.115987
0 0.331644 0.668356
1 0.871739 0.128261
1 0.87941 0.12059
1 0.881545 0.118455
1 0.861715 0.138285
1 0.69712 0.30288
1 0.87096 0.12904
0 0.177975 0.822025
0 0.18132 0.81868
0 0.283946 0.716054
0 0.278575 0.721425
1 0.703617 0.296383
0 0.179838 0.820162
0 0.368097 0.631903
1 0.876102 0.123898
1 0.883083 0.116917
1 0.873526 0.126474
0 0.178705 0.821295
1 0.83145 0.16855
0 0.182591 0.817409
0 0.243049 0.756951
0 0.398632 0.601368
0 0.246672 0.753328
1 0.874352 0.125648
1 0.884549 0.115451
1 0.867458 0.132542
0 0.273152 0.726848
0 0.398857 0.601143
1 0.871702 0.128298
1 0.88703 0.11297
0 0.22306 0.77694
1 0.813473 0.186527
1 0.884104 0.115896
0 0.261964 0.738036
1 0.883083 0.116917
0 0.337966 0.662034
1 0.606458 0.393542
1 0.908729 0.0912711
0 0.25772 0.74228
0 0.331123 0.668877
0 0.18361 0.81639
0 0.443865 0.556135
1 0.887492 0.112508
1 0.885373 0.114627
0 0.179838 0.820162
1 0.882752 0.117248
1 0.878064 0.121936
1 0.871702 0.128298
1 0.862815 0.137185
1 0.876851 0.123149
1 0.878373 0.121627
0 0.274405 0.725595
0 0.174807 0.825193
1 0.882199 0.117801
1 0.874897 0.125103
1 0.860402 0.139598
1 0.887409 0.112591
1 0.876444 0.123556
1 0.952485 0.0475148
1 0.862815 0.137185
0 0.259791 0.740209
1 0.884104 0.115896
1 0.884104 0.115896
1 0.909007 0.0909931
1 0.899279 0.100721
0 0.269795 0.730205
1 0.884104 0.115896
1 0.884104 0.115896
1 0.612457 0.387543
1 0.506484 0.493516
1 0.76651 0.23349
1 0.87437 0.12563
1 0.881014 0.118986
1 0.887409 0.112591
1 0.81724 0.18276
1 0.876445 0.123555
1 0.883083 0.116917
1 0.911409 0.0885911
1 0.883083 0.116917
1 0.883083 0.116917
1 0.885373 0.114627
0 0.301206 0.698794
0 0.251398 0.748602
1 0.884104 0.115896
0 0.436611 0.563389
1 0.882573 0.117427
0 0.269795 0.730205
1 0.884104 0.115896
1 0.884104 0.115896
0 0.334667 0.665333
1 0.752924 0.247076
1 0.874527 0.125473
1 0.880088 0.119912
1 0.882402 0.117598
1 0.889655 0.110345
1 0.884104 0.115896
1 0.883256 0.116744
1 0.881547 0.118453
1 0.88116 0.11884
1 0.890153 0.109847
1 0.871702 0.128298
1 0.885527 0.114473
1 0.875511 0.124489
1 0.868168 0.131832
1 0.876676 0.123324
0 0.244113 0.755887
0 0.191263 0.808737
1 0.574307 0.425693
1 0.885373 0.114627
1 0.875029 0.124971
1 0.884104 0.115896
1 0.868674 0.131326
1 0.887107 0.112893
1 0.871702 0.128298
1 0.881325 0.118675
1 0.879966 0.120034
1 0.58135 0.41865
0 0.331644 0.668356
0 0.442378 0.557622
0 0.453413 0.546587
1 0.902161 0.097839
0 0.177975 0.822025
0 0.242363 0.757637
0 0.18132 0.81868
1 0.911574 0.0884258
0 0.192576 0.807424
1 0.883083 0.116917
0 0.484567 0.515433
0 0.245043 0.754957
0 0.178844 0.821156
1 0.902271 0.0977292
1 0.856454 0.143546
1 0.862491 0.137509
1 0.874544 0.125456
0 0.246127 0.753873
1 0.884104 0.115896
0 0.449282 0.550718
0 0.334667 0.665333
0 0.180249 0.819751
0 0.331208 0.668792
0 0.330929 0.669071
1 0.874104 0.125896
0 0.264983 0.735017
1 0.59381 0.40619
1 0.907531 0.0924689
1 0.56721 0.43279
1 0.901191 0.0988088
0 0.182002 0.817998
1 0.884104 0.115896
1 0.883138 0.116862
0 0.256026 0.743974
1 0.879588 0.120412
1 0.892831 0.107169
0 0.245385 0.754615
1 0.887492 0.112508
1 0.884104 0.115896
0 0.178563 0.821437
1 0.871702 0.128298
1 0.860402 0.139598
1 0.860402 0.139598
1 0.563502 0.436498
1 0.910477 0.0895233
1 0.884104 0.115896
1 0.884104 0.115896
0 0.246988 0.753012
1 0.884104 0.115896
0 0.413056 0.586944
1 0.538667 0.461333
1 0.884104 0.115896
1 0.571179 0.428821
1 0.524428 0.475572
1 0.878035 0.121965
1 0.883083 0.116917
1 0.915295 0.0847047
1 0.884104 0.115896
1 0.884104 0.115896
0 0.261964 0.738036
1 0.909586 0.0904138
1 0.710716 0.289284
1 0.751849 0.248151
1 0.884104 0.115896
1 0.871739 0.128261
0 0.204438 0.795562
0 0.4449 0.5551
0 0.182002 0.817998
1 0.884104 0.115896
1 0.878003 0.121997
1 0.867672 0.132328
0 0.254727 0.745273
1 0.884104 0.115896
0 0.196201 0.803799
1 0.883083 0.116917
1 0.887492 0.112508
0 0.183613 0.816387
1 0.886889 0.113111
1 0.879588 0.120412
0 0.18132 0.81868
1 0.885373 0.114627
1 0.884104 0.115896
1 0.887492 0.112508
1 0.873872 0.126128
0 0.181684 0.818316
1 0.884104 0.115896
1 0.626546 0.373454
0 0.242363 0.757637
0 0.326305 0.673695
1 0.887492 0.112508
0 0.246988 0.753012
1 0.878796 0.121204
0 0.207482 0.792518
1 0.884104 0.115896
1 0.887492 0.112508
1 0.871702 0.128298
1 0.89509 0.10491
1 0.89509 0.10491
1 0.867085 0.132915
1 0.639075 0.360925
1 0.872483 0.127517
1 0.884104 0.115896
1 0.884104 0.115896
0 0.188076 0.811924
0 0.409105 0.590895
1 0.886302 0.113698
0 0.177975 0.822025
1 0.884104 0.115896
0 0.242363 0.757637
1 0.884104 0.115896
0 0.130588 0.869412
1 0.510792 0.489208
1 0.884104 0.115896
1 0.879549 0.120451
1 0.628548 0.371452
1 0.884104 0.115896
0 0.166743 0.833257
0 0.159315 0.840685
0 0.177975 0.822025
0 0.244113 0.755887
0 0.18279 0.81721
0 0.187352 0.812648
0 0.280444 0.719556
0 0.178563 0.821437
1 0.87287 0.12713
1 0.893645 0.106355
0 0.307134 0.692866
1 0.841244 0.158756
1 0.829849 0.170151
0 0.331644 0.668356
1 0.888022 0.111978
1 0.888022 0.111978
0 0.493635 0.506365
1 0.75861 0.24139
1 0.601735 0.398265
1 0.872082 0.127918
1 0.883083 0.116917
1 0.884104 0.115896
0 0.241783 0.758217
1 0.876676 0.123324
1 0.87941 0.12059
1 0.882525 0.117475
1 0.871739 0.128261
0 0.178421 0.821579
0 0.17851 0.82149
1 0.879752 0.120248
1 0.885373 0.114627
1 0.902095 0.097905
1 0.855651 0.144349
1 0.880088 0.119912
1 0.923121 0.0768786
1 0.651409 0.348591
0 0.24595 0.75405
1 0.880373 0.119627
0 0.18132 0.81868
1 0.875029 0.124971
0 0.273308 0.726692
1 0.884104 0.115896
1 0.775592 0.224408
1 0.89309 0.10691
1 0.884104 0.115896
0 0.429472 0.570528
1 0.87533 0.12467
0 0.457242 0.542758
1 0.90341 0.0965897
1 0.860402 0.139598
1 0.885373 0.114627
1 0.730866 0.269134
0 0.332526 0.667474
1 0.879625 0.120375
1 0.884104 0.115896
1 0.883083 0.116917
1 0.885373 0.114627
1 0.87656 0.12344
0 0.20906 0.79094
1 0.883083 0.116917
1 0.882752 0.117248
1 0.896163 0.103837
1 0.868295 0.131705
1 0.871702 0.128298
1 0.884104 0.115896
0 0.178424 0.821576
1 0.871702 0.128298
1 0.884104 0.115896
1 0.679214 0.320786
1 0.883083 0.116917
1 0.888126 0.111874
1 0.889844 0.110156
0 0.217522 0.782478
1 0.873507 0.126493
1 0.884104 0.115896
1 0.874259 0.125741
0 0.260511 0.739489
1 0.897304 0.102696
1 0.879625 0.120375
1 0.884104 0.115896
1 0.890379 0.109621
0 0.431959 0.568041
1 0.884146 0.115854
1 0.887409 0.112591
1 0.871854 0.128146
1 0.890632 0.109368
1 0.881547 0.118453
1 0.875198 0.124802
1 0.883083 0.116917
1 0.623779 0.376221
1 0.890632 0.109368
1 0.898848 0.101152
1 0.884104 0.115896
1 0.879983 0.120017
0 0.359294 0.640706
0 0.133703 0.866297
1 0.599344 0.400656
1 0.860402 0.139598
0 0.43297 0.56703
1 0.860402 0.139598
0 0.352901 0.647099
1 0.884104 0.115896
1 0.885373 0.114627
1 0.888593 0.111407
1 0.878007 0.121993
0 0.242363 0.757637
0 0.180249 0.819751
1 0.871702 0.128298
1 0.87941 0.12059
1 0.887492 0.112508
1 0.871702 0.128298
0 0.178844 0.821156
0 0.246988 0.753012
1 0.884104 0.115896
0 0.270352 0.729648
1 0.897416 0.102584
1 0.880614 0.119386
0 0.256296 0.743704
1 0.779387 0.220613
1 0.884104 0.115896
0 0.331012 0.668988
0 0.25638 0.74362
1 0.804299 0.195701
1 0.521143 0.478857
0 0.246127 0.753873
1 0.955054 0.0449463
1 0.884104 0.115896
0 0.264622 0.735378
0 0.242363 0.757637
1 0.887492 0.112508
1 0.884104 0.115896
1 0.570106 0.429894
0 0.226947 0.773053
1 0.862815 0.137185
1 0.648792 0.351208
1 0.884104 0.115896
1 0.879622 0.120378
0 0.245295 0.754705
1 0.850103 0.149897
1 0.86201 0.13799
1 0.884104 0.115896
0 0.482503 0.517497
1 0.913523 0.0864768
1 0.875966 0.124034
1 0.893137 0.106863
0 0.190338 0.809662
0 0.246385 0.753615
0 0.251398 0.748602
1 0.878623 0.121377
1 0.744075 0.255925
1 0.887492 0.112508
1 0.888022 0.111978
1 0.884104 0.115896
1 0.884104 0.115896
1 0.874544 0.125456
0 0.440764 0.559236
1 0.882917 0.117083
1 0.86263 0.13737
1 0.870163 0.129837
1 0.887492 0.112508
1 0.5 0.5
1 0.878706 0.121294
1 0.874812 0.125188
1 0.887492 0.112508
1 0.884104 0.115896
1 0.884104 0.115896
1 0.779789 0.220211
0 0.178982 0.821018
0 0.178579 0.821421
1 0.785586 0.214414
1 0.860752 0.139248
1 0.884104 0.115896
1 0.892989 0.107011
0 0.432173 0.567827
1 0.884104 0.115896
1 0.863832 0.136168
1 0.884104 0.115896
0 0.245527 0.754473
0 0.132909 0.867091
0 0.177975 0.822025
0 0.188242 0.811758
1 0.883083 0.116917
1 0.883083 0.116917
1 0.696221 0.303779
0 0.18447 0.81553
0 0.330936 0.669064
1 0.54682 0.45318
0 0.246009 0.753991
1 0.884104 0.115896
1 0.897105 0.102895
1 0.884104 0.115896
1 0.884104 0.115896
1 0.884104 0.115896
1 0.884104 0.115896
1 0.885373 0.114627
0 0.190814 0.809186
1 0.887492 0.112508
1 0.873507 0.126493
1 0.883083 0.116917
1 0.884104 0.115896
1 0.871739 0.128261
1 0.890632 0.109368
1 0.88116 0.11884
1 0.883256 0.116744
1 0.88703 0.11297
1 0.877772 0.122228
1 0.866996 0.133004
1 0.860402 0.139598
0 0.343939 0.656061
1 0.884104 0.115896
1 0.525118 0.474882
0 0.177975 0.822025
1 0.724173 0.275827
1 0.525292 0.474708
0 0.328683 0.671317
0 0.200154 0.799846
0 0.252152 0.747848
1 0.915329 0.0846713
1 0.871702 0.128298
1 0.887492 0.112508
1 0.884104 0.115896
0 0.18132 0.81868
1 0.883083 0.116917
1 0.669626 0.330374
1 0.879414 0.120586
1 0.917523 0.0824773
1 0.87486 0.12514
0 0.17851 0.82149
0 0.180579 0.819421
1 0.622168 0.377832
1 0.87708 0.12292
1 0.883083 0.116917
1 0.687095 0.312905
1 0.756649 0.243351
1 0.913655 0.0863448
1 0.880899 0.119101
1 0.890632 0.109368
1 0.883083 0.116917
0 0.180936 0.819064
0 0.423707 0.576293
1 0.73665 0.26335
0 0.177975 0.822025
1 0.912992 0.0870079
1 0.570408 0.429592
1 0.883083 0.116917
1 0.888022 0.111978
0 0.425101 0.574899
0 0.326305 0.673695
0 0.207482 0.792518
0 0.348451 0.651549
1 0.884857 0.115143
1 0.871702 0.128298
1 0.871702 0.128298
1 0.882945 0.117055
1 0.887256 0.112744
0 0.133279 0.866721
0 0.193961 0.806039
1 0.882314 0.117686
1 0.536865 0.463135
1 0.874527 0.125473
1 0.877844 0.122156
1 0.896163 0.103837
1 0.861202 0.138798
1 0.911011 0.0889893
1 0.883083 0.116917
1 0.891125 0.108875
1 0.875866 0.124134
1 0.876166 0.123834
1 0.88283 0.11717
1 0.646736 0.353264
1 0.881547 0.118453
1 0.882752 0.117248
1 0.887492 0.112508
1 0.733669 0.266331
1 0.898108 0.101892
1 0.884608 0.115392
1 0.884104 0.115896
1 0.887492 0.112508
1 0.884104 0.115896
0 0.178844 0.821156
0 0.192576 0.807424
0 0.178563 0.821437
0 0.242363 0.757637
0 0.204438 0.795562
0 0.133791 0.866209
1 0.567781 0.432219
1 0.883083 0.116917
1 0.883083 0.116917
0 0.131149 0.868851
1 0.883699 0.116301
0 0.449653 0.550347
1 0.884104 0.115896
1 0.883083 0.116917
1 0.876031 0.123969
1 0.886861 0.113139
1 0.81401 0.18599
1 0.884104 0.115896
1 0.892686 0.107314
1 0.879796 0.120204
1 0.892686 0.107314
1 0.829447 0.170553
0 0.228949 0.771051
1 0.888022 0.111978
1 0.874527 0.125473
0 0.180936 0.819064
1 0.546161 0.453839
1 0.87545 0.12455
0 0.229439 0.770561
1 0.866996 0.133004
0 0.178446 0.821554
1 0.861269 0.138731
0 0.131425 0.868575
1 0.887492 0.112508
1 0.884104 0.115896
0 0.246988 0.753012
1 0.876802 0.123198
1 0.884104 0.115896
1 0.883083 0.116917
1 0.884836 0.115164
1 0.874841 0.125159
1 0.87437 0.12563
0 0.398349 0.601651
1 0.689052 0.310948
0 0.186656 0.813344
0 0.17901 0.82099
1 0.857834 0.142166
0 0.185361 0.814639
0 0.177975 0.822025
1 0.906162 0.0938384
0 0.246375 0.753625
0 0.242363 0.757637
1 0.878842 0.121158
0 0.255174 0.744826
1 0.879953 0.120047
1 0.878175 0.121825
0 0.244113 0.755887
1 0.860402 0.139598
1 0.883083 0.116917
0 0.179838 0.820162
1 0.730651 0.269349
0 0.438252 0.561748
1 0.88007 0.11993
0 0.188518 0.811482
1 0.737646 0.262354
1 0.884104 0.115896
1 0.884104 0.115896
1 0.906353 0.0936469
1 0.888843 0.111157
1 0.896163 0.103837
1 0.881078 0.118922
1 0.883083 0.116917
1 0.884104 0.115896
0 0.188242 0.811758
0 0.258304 0.741696
0 0.271874 0.728126
1 0.884104 0.115896
1 0.823037 0.176963
0 0.325172 0.674828
0 0.454396 0.545604
1 0.866996 0.133004
0 0.331277 0.668723
1 0.914086 0.085914
1 0.883083 0.116917
1 0.883083 0.116917
1 0.887492 0.112508
0 0.214022 0.785978
1 0.884104 0.115896
1 0.860752 0.139248
1 0.884104 0.115896
1 0.885373 0.114627
1 0.523445 0.476555
1 0.883083 0.116917
0 0.331135 0.668865
1 0.69434 0.30566
1 0.884104 0.115896
1 0.884104 0.115896
1 0.885373 0.114627
1 0.884104 0.115896
1 0.884104 0.115896
1 0.889511 0.110489
1 0.883083 0.116917
0 0.147108 0.852892
1 0.872515 0.127485
1 0.662425 0.337575
1 0.884104 0.115896
1 0.872082 0.127918
0 0.186287 0.813713
1 0.883083 0.116917
1 0.884104 0.115896
1 0.883083 0.116917
1 0.884104 0.115896
1 0.876102 0.123898
1 0.876442 0.123558
1 0.738481 0.261519
0 0.179184 0.820816
0 0.325172 0.674828
1 0.895584 0.104416
1 0.884104 0.115896
1 0.795213 0.204787
1 0.661657 0.338343
1 0.87327 0.12673
1 0.881994 0.118006
1 0.879622 0.120378
1 0.874527 0.125473
1 0.878536 0.121464
1 0.881219 0.118781
0 0.482616 0.517384
1 0.75779 0.24221
1 0.884104 0.115896
1 0.860402 0.139598
1 0.884104 0.115896
0 0.446036 0.553964
1 0.87327 0.12673
0 0.27446 0.72554
0 0.253555 0.746445
0 0.210676 0.789324
0 0.18132 0.81868
1 0.871739 0.128261
0 0.182002 0.817998
0 0.242363 0.757637
1 0.887492 0.112508
1 0.885373 0.114627
1 0.577341 0.422659
1 0.871702 0.128298
0 0.324823 0.675177
1 0.915101 0.0848994
1 0.769831 0.230169
0 0.484798 0.515202
0 0.246672 0.753328
1 0.903787 0.096213
0 0.354982 0.645018
0 0.271475 0.728525
0 0.349586 0.650414
1 0.571852 0.428148
0 0.278575 0.721425
0 0.131149 0.868851
1 0.883083 0.116917
1 0.884104 0.115896
0 0.327476 0.672524
1 0.909826 0.0901743
0 0.245143 0.754857
1 0.605796 0.394204
1 0.747114 0.252886
1 0.79887 0.20113
1 0.88116 0.11884
1 0.860402 0.139598
1 0.884104 0.115896
1 0.860621 0.139379
1 0.860402 0.139598
1 0.884104 0.115896
1 0.884104 0.115896
1 0.872954 0.127046
1 0.651832 0.348168
1 0.874477 0.125523
1 0.871739 0.128261
1 0.895114 0.104886
1 0.871702 0.128298
1 0.639075 0.360925
0 0.343095 0.656905
1 0.884104 0.115896
0 0.3419 0.6581
1 0.887492 0.112508
0 0.266549 0.733451
1 0.883083 0.116917
1 0.881547 0.118453
1 0.884104 0.115896
1 0.888022 0.111978
0 0.381823 0.618177
1 0.883083 0.116917
1 0.883083 0.116917
0 0.180936 0.819064
1 0.87327 0.12673
1 0.887492 0.112508
1 0.910449 0.0895513
1 0.884104 0.115896
1 0.884104 0.115896
0 0.251947 0.748053
0 0.25638 0.74362
1 0.5 0.5
0 0.224984 0.775016
0 0.177975 0.822025
1 0.887492 0.112508
1 0.52826 0.47174
1 0.873182 0.126818
0 0.179184 0.820816
1 0.880385 0.119615
1 0.887492 0.112508
1 0.884104 0.115896
0 0.191439 0.808561
0 0.246749 0.753251
1 0.884104 0.115896
0 0.437369 0.562631
0 0.171747 0.828253
1 0.879622 0.120378
1 0.884104 0.115896
0 0.133703 0.866297
1 0.911011 0.0889893
1 0.885542 0.114458
1 0.896379 0.103621
1 0.860402 0.139598
1 0.884104 0.115896
1 0.826865 0.173135
1 0.884258 0.115742
1 0.884104 0.115896
0 0.311408 0.688592
1 0.890632 0.109368
1 0.879622 0.120378
1 0.892686 0.107314
1 0.887492 0.112508
1 0.868738 0.131262
1 0.883256 0.116744
1 0.896379 0.103621
1 0.886158 0.113842
1 0.883083 0.116917
1 0.887893 0.112107
1 0.884104 0.115896
1 0.764195 0.235805
1 0.884104 0.115896
0 0.20906 0.79094
1 0.860839 0.139161
1 0.883083 0.116917
1 0.881547 0.118453
1 0.599242 0.400758
1 0.879622 0.120378
1 0.860621 0.139379
0 0.210676 0.789324
1 0.860402 0.139598
1 0.883503 0.116497
0 0.421243 0.578757
0 0.246988 0.753012
1 0.885373 0.114627
1 0.877151 0.122849
1 0.887492 0.112508
1 0.888696 0.111304
1 0.860402 0.139598
1 0.871702 0.128298
1 0.506484 0.493516
1 0.860402 0.139598
1 0.887492 0.112508
0 0.183086 0.816914
0 0.205941 0.794059
0 0.245143 0.754857
1 0.709678 0.290322
1 0.878391 0.121609
0 0.178579 0.821421
0 0.301206 0.698794
0 0.178563 0.821437
0 0.178563 0.821437
0 0.251398 0.748602
1 0.866512 0.133488
0 0.252587 0.747413
1 0.879625 0.120375
1 0.874134 0.125866
0 0.181684 0.818316
0 0.133703 0.866297
1 0.841773 0.158227
1 0.749965 0.250035
1 0.883083 0.116917
1 0.883083 0.116917
1 0.871702 0.128298
1 0.887492 0.112508
1 0.887618 0.112382
1 0.839638 0.160362
0 0.178563 0.821437
1 0.909149 0.0908513
0 0.200154 0.799846
0 0.25772 0.74228
1 0.879268 0.120732
1 0.887492 0.112508
1 0.884104 0.115896
1 0.885373 0.114627
1 0.887492 0.112508
0 0.188076 0.811924
1 0.884104 0.115896
1 0.883083 0.116917
0 0.180936 0.819064
1 0.884104 0.115896
0 0.187352 0.812648
1 0.878064 0.121936
0 0.245898 0.754102
0 0.246988 0.753012
1 0.87327 0.12673
1 0.881825 0.118175
1 0.884104 0.115896
1 0.881547 0.118453
1 0.883083 0.116917
1 0.860621 0.139379
1 0.877587 0.122413
1 0.861958 0.138042
0 0.350742 0.649258
1 0.884104 0.115896
1 0.881547 0.118453
0 0.448714 0.551286
0 0.25638 0.74362
1 0.812975 0.187025
1 0.887492 0.112508
0 0.359167 0.640833
1 0.816154 0.183846
0 0.245107 0.754893
1 0.884104 0.115896
1 0.883083 0.116917
1 0.875029 0.124971
1 0.884104 0.115896
1 0.884104 0.115896
1 0.856454 0.143546
0 0.177975 0.822025
1 0.885373 0.114627
1 0.87327 0.12673
0 0.177975 0.822025
1 0.884104 0.115896
1 0.879501 0.120499
0 0.331644 0.668356
1 0.865436 0.134564
1 0.884104 0.115896
1 0.897264 0.102736
1 0.884104 0.115896
1 0.884104 0.115896
0 0.25772 0.74228
1 0.917088 0.0829117
1 0.884013 0.115987
0 0.18132 0.81868
1 0.584075 0.415925
1 0.877156 0.122844
1 0.884146 0.115854
1 0.879625 0.120375
1 0.890632 0.109368
1 0.871854 0.128146
1 0.883083 0.116917
1 0.884104 0.115896
1 0.896532 0.103468
1 0.909623 0.0903766
1 0.618048 0.381952
0 0.131916 0.868084
1 0.879747 0.120253
0 0.325172 0.674828
1 0.66039 0.33961
1 0.905945 0.0940548
1 0.887492 0.112508
1 0.861318 0.138682
1 0.792381 0.207619
1 0.867482 0.132518
1 0.885373 0.114627
1 0.872093 0.127907
1 0.847178 0.152822
0 0.251123 0.748877
1 0.884104 0.115896
0 0.290358 0.709642
1 0.54576 0.45424
0 0.247013 0.752987
1 0.586073 0.413927
1 0.879622 0.120378
1 0.883083 0.116917
1 0.871702 0.128298
1 0.883083 0.116917
0 0.130141 0.869859
1 0.874544 0.125456
0 0.196201 0.803799
1 0.877151 0.122849
1 0.881089 0.118911
0 0.331565 0.668435
1 0.884104 0.115896
0 0.190338 0.809662
1 0.891008 0.108992
0 0.332695 0.667305
1 0.885373 0.114627
1 0.883083 0.116917
1 0.884104 0.115896
1 0.586212 0.413788
1 0.875247 0.124753
1 0.882595 0.117405
1 0.784536 0.215464
1 0.849029 0.150971
1 0.884104 0.115896
0 0.335146 0.664854
1 0.871702 0.128298
1 0.88296 0.11704
1 0.884104 0.115896
1 0.861958 0.138042
1 0.884104 0.115896
1 0.882752 0.117248
1 0.884104 0.115896
0 0.179838 0.820162
1 0.769785 0.230215
1 0.760779 0.239221
1 0.884395 0.115605
0 0.177975 0.822025
1 0.890632 0.109368
0 0.197482 0.802518
0 0.331576 0.668424
1 0.884104 0.115896
1 0.87555 0.12445
1 0.871702 0.128298
0 0.178844 0.821156
0 0.18279 0.81721
1 0.87287 0.12713
1 0.883083 0.116917
0 0.349586 0.650414
1 0.884104 0.115896
1 0.882854 0.117146
1 0.874544 0.125456
1 0.585962 0.414038
1 0.890632 0.109368
1 0.881547 0.118453
1 0.926268 0.0737324
1 0.808708 0.191292
0 0.329927 0.670073
1 0.890386 0.109614
1 0.882414 0.117586
1 0.884104 0.115896
1 0.884104 0.115896
1 0.552187 0.447813
1 0.871702 0.128298
1 0.887492 0.112508
1 0.884642 0.115358
1 0.884104 0.115896
1 0.884104 0.115896
1 0.883083 0.116917
1 0.884104 0.115896
1 0.895678 0.104322
1 0.884104 0.115896
1 0.890809 0.109191
0 0.182002 0.817998
1 0.867913 0.132087
0 0.215753 0.784247
1 0.910497 0.0895027
1 0.885883 0.114117
1 0.884104 0.115896
0 0.33249 0.66751
1 0.871739 0.128261
1 0.884104 0.115896
0 0.264834 0.735166
1 0.884104 0.115896
0 0.325172 0.674828
1 0.883083 0.116917
1 0.887492 0.112508
1 0.871739 0.128261
1 0.881547 0.118453
1 0.888768 0.111232
1 0.862815 0.137185
0 0.182123 0.817877
1 0.885373 0.114627
0 0.179184 0.820816
1 0.887492 0.112508
1 0.523213 0.476787
1 0.884104 0.115896
0 0.133023 0.866977
1 0.884104 0.115896
1 0.887492 0.112508
0 0.180249 0.819751
0 0.342772 0.657228
1 0.884104 0.115896
0 0.18132 0.81868
1 0.5 0.5
1 0.871702 0.128298
1 0.885373 0.114627
1 0.887492 0.112508
1 0.871702 0.128298
1 0.887492 0.112508
1 0.874157 0.125843
1 0.871702 0.128298
0 0.178705 0.821295
0 0.178705 0.821295
0 0.187352 0.812648
1 0.788201 0.211799
0 0.247428 0.752572
0 0.178563 0.821437
0 0.370861 0.629139
1 0.885373 0.114627
0 0.187247 0.812753
1 0.860402 0.139598
0 0.245107 0.754893
0 0.342772 0.657228
1 0.876711 0.123289
1 0.860402 0.139598
0 0.333793 0.666207
1 0.569824 0.430176
1 0.63931 0.36069
1 0.509331 0.490669
0 0.245385 0.754615
1 0.896163 0.103837
1 0.884104 0.115896
1 0.72519 0.27481
1 0.885373 0.114627
1 0.882752 0.117248
1 0.871702 0.128298
1 0.8886 0.1114
1 0.545728 0.454272
1 0.677076 0.322924
0 0.491118 0.508882
1 0.884104 0.115896
1 0.885373 0.114627
1 0.87941 0.12059
1 0.883535 0.116465
1 0.883083 0.116917
1 0.529202 0.470798
1 0.884104 0.115896
1 0.89095 0.10905
0 0.177975 0.822025
1 0.884104 0.115896
1 0.786311 0.213689
1 0.888743 0.111257
1 0.885204 0.114796
1 0.846209 0.153791
1 0.860402 0.139598
1 0.883083 0.116917
1 0.884465 0.115535
1 0.873625 0.126375
0 0.242363 0.757637
0 0.179389 0.820611
1 0.873507 0.126493
0 0.207482 0.792518
0 0.270626 0.729374
1 0.668083 0.331917
1 0.878137 0.121863
1 0.872093 0.127907
1 0.882362 0.117638
1 0.891547 0.108453
1 0.871854 0.128146
1 0.883083 0.116917
1 0.887409 0.112591
1 0.884104 0.115896
0 0.265933 0.734067
1 0.889647 0.110353
1 0.884104 0.115896
1 0.884104 0.115896
1 0.885099 0.114901
1 0.565863 0.434137
1 0.888354 0.111646
1 0.588414 0.411586
1 0.887659 0.112341
1 0.876102 0.123898
1 0.887409 0.112591
1 0.874527 0.125473
0 0.421243 0.578757
0 0.228949 0.771051
1 0.884104 0.115896
0 0.392131 0.607869
0 0.282352 0.717648
0 0.252392 0.747608
0 0.18132 0.81868
0 0.246127 0.753873
1 0.895114 0.104886
1 0.874544 0.125456
1 0.877667 0.122333
1 0.879622 0.120378
0 0.245043 0.754957
1 0.871702 0.128298
1 0.885373 0.114627
0 0.325172 0.674828
1 0.871702 0.128298
0 0.1382 0.8618
0 0.178686 0.821314
0 0.321665 0.678335
0 0.180534 0.819466
1 0.769407 0.230593
0 0.331644 0.668356
0 0.18132 0.81868
0 0.180936 0.819064
0 0.276676 0.723324
1 0.868533 0.131467
1 0.857375 0.142625
1 0.793565 0.206435
0 0.409105 0.590895
1 0.878004 0.121996
0 0.26074 0.73926
1 0.87437 0.12563
1 0.584062 0.415938
1 0.887492 0.112508
1 0.879622 0.120378
1 0.60451 0.39549
1 0.688287 0.311713
1 0.885373 0.114627
1 0.884104 0.115896
1 0.884104 0.115896
1 0.88215 0.11785
1 0.871702 0.128298
0 0.180579 0.819421
1 0.896163 0.103837
1 0.885373 0.114627
1 0.900856 0.099144
1 0.879664 0.120336
1 0.874801 0.125199
0 0.431246 0.568754
0 0.21233 0.78767
1 0.884104 0.115896
1 0.8752 0.1248
1 0.554039 0.445961
0 0.431132 0.568868
1 0.860402 0.139598
1 0.879635 0.120365
1 0.860402 0.139598
1 0.884104 0.115896
1 0.884104 0.115896
1 0.885373 0.114627
1 0.887492 0.112508
1 0.884104 0.115896
1 0.883083 0.116917
1 0.884104 0.115896
1 0.875029 0.124971
1 0.871702 0.128298
1 0.731628 0.268372
1 0.900548 0.099452
1 0.884104 0.115896
1 0.889059 0.110941
0 0.191439 0.808561
1 0.862023 0.137977
1 0.896163 0.103837
1 0.884104 0.115896
1 0.859565 0.140435
1 0.749445 0.250555
1 0.883083 0.116917
1 0.883083 0.116917
1 0.882301 0.117699
0 0.247428 0.752572
1 0.884104 0.115896
0 0.18202 0.81798
1 0.7217 0.2783
1 0.884104 0.115896
1 0.884104 0.115896
1 0.875523 0.124477
0 0.423707 0.576293
1 0.677274 0.322726
1 0.900112 0.0998885
1 0.537095 0.462905
1 0.884104 0.115896
1 0.884104 0.115896
1 0.862815 0.137185
1 0.884104 0.115896
1 0.862815 0.137185
0 0.18132 0.81868
1 0.884104 0.115896
1 0.887492 0.112508
1 0.884104 0.115896
0 0.179184 0.820816
0 0.177975 0.822025
1 0.883083 0.116917
0 0.177975 0.822025
1 0.882089 0.117911
1 0.884104 0.115896
1 0.883083 0.116917
0 0.180936 0.819064
1 0.871897 0.128103
1 0.884104 0.115896
1 0.884104 0.115896
1 0.888022 0.111978
1 0.884104 0.115896
1 0.871739 0.128261
1 0.871702 0.128298
1 0.884857 0.115143
1 0.884104 0.115896
0 0.245043 0.754957
0 0.17983 0.82017
1 0.884104 0.115896
1 0.884857 0.115143
1 0.883083 0.116917
1 0.871739 0.128261
1 0.883256 0.116744
0 0.303262 0.696738
1 0.884104 0.115896
1 0.860402 0.139598
0 0.178563 0.821437
1 0.874544 0.125456
1 0.652869 0.347131
1 0.576009 0.423991
1 0.882574 0.117426
1 0.87941 0.12059
0 0.250175 0.749825
0 0.180249 0.819751
1 0.879796 0.120204
1 0.896163 0.103837
1 0.871702 0.128298
0 0.341199 0.658801
1 0.871702 0.128298
0 0.245143 0.754857
1 0.507048 0.492952
1 0.618726 0.381274
0 0.178594 0.821406
0 0.179424 0.820576
0 0.339663 0.660337
1 0.874093 0.125907
1 0.869398 0.130602
0 0.245204 0.754796
1 0.607174 0.392826
0 0.263073 0.736927
1 0.875058 0.124942
0 0.250736 0.749264
1 0.863352 0.136648
1 0.884104 0.115896
1 0.887492 0.112508
1 0.884104 0.115896
1 0.884104 0.115896
1 0.885373 0.114627
1 0.879889 0.120111
1 0.868986 0.131014
1 0.890632 0.109368
0 0.245107 0.754893
0 0.431917 0.568083
0 0.33388 0.66612
1 0.887426 0.112574
0 0.179424 0.820576
1 0.883083 0.116917
1 0.884104 0.115896
1 0.87941 0.12059
1 0.880321 0.119679
1 0.884104 0.115896
1 0.873507 0.126493
1 0.883681 0.116319
1 0.882395 0.117605
1 0.788594 0.211406
1 0.884104 0.115896
1 0.884104 0.115896
0 0.180206 0.819794
1 0.884104 0.115896
0 0.336088 0.663912
0 0.179203 0.820797
1 0.63567 0.36433
0 0.180579 0.819421
1 0.860402 0.139598
1 0.89509 0.10491
1 0.892686 0.107314
1 0.880095 0.119905
1 0.91781 0.0821905
1 0.885373 0.114627
1 0.878609 0.121391
0 0.247013 0.752987
1 0.868168 0.131832
1 0.882762 0.117238
1 0.883083 0.116917
1 0.878486 0.121514
1 0.884104 0.115896
1 0.880963 0.119037
1 0.887492 0.112508
0 0.348451 0.651549
1 0.896163 0.103837
1 0.885373 0.114627
1 0.65558 0.34442
1 0.894583 0.105417
1 0.891779 0.108221
1 0.884104 0.115896
0 0.246749 0.753251
1 0.884104 0.115896
1 0.871739 0.128261
0 0.196201 0.803799
1 0.884104 0.115896
1 0.884104 0.115896
1 0.884104 0.115896
0 0.188286 0.811714
1 0.864998 0.135002
1 0.88053 0.11947
1 0.887492 0.112508
1 0.741763 0.258237
1 0.874527 0.125473
1 0.884104 0.115896
0 0.330847 0.669153
1 0.881547 0.118453
1 0.871702 0.128298
1 0.868168 0.131832
1 0.890632 0.109368
1 0.884104 0.115896
1 0.885373 0.114627
1 0.884104 0.115896
1 0.884104 0.115896
1 0.884104 0.115896
1 0.881547 0.118453
1 0.881547 0.118453
1 0.87361 0.12639
1 0.880414 0.119586
1 0.884104 0.115896
1 0.884104 0.115896
1 0.895287 0.104713
0 0.446878 0.553122
0 0.179838 0.820162
1 0.901592 0.0984081
1 0.883083 0.116917
0 0.177975 0.822025
0 0.17901 0.82099
1 0.885373 0.114627
1 0.862373 0.137627
1 0.892686 0.107314
1 0.868887 0.131113
1 0.56407 0.43593
1 0.741936 0.258064
1 0.874544 0.125456
1 0.871702 0.128298
1 0.882752 0.117248
1 0.871702 0.128298
1 0.892686 0.107314
1 0.887492 0.112508
1 0.871702 0.128298
0 0.405795 0.594205
0 0.24748 0.75252
1 0.871702 0.128298
1 0.874259 0.125741
0 0.339996 0.660004
0 0.328683 0.671317
1 0.886972 0.113028
1 0.756607 0.243393
1 0.883083 0.116917
1 0.788098 0.211902
1 0.861958 0.138042
0 0.245043 0.754957
1 0.881374 0.118626
1 0.866628 0.133372
1 0.870287 0.129713
1 0.878064 0.121936
1 0.884104 0.115896
1 0.868374 0.131626
1 0.883083 0.116917
1 0.622514 0.377486
1 0.533149 0.466851
1 0.873144 0.126856
0 0.20906 0.79094
1 0.887492 0.112508
1 0.881547 0.118453
1 0.884104 0.115896
1 0.887492 0.112508
1 0.625723 0.374277
0 0.274949 0.725051
0 0.182123 0.817877
1 0.860402 0.139598
0 0.242363 0.757637
0 0.17851 0.82149
1 0.847178 0.152822
1 0.887492 0.112508
0 0.273193 0.726807
0 0.399891 0.600109
0 0.245168 0.754832
1 0.884104 0.115896
1 0.887492 0.112508
1 0.884104 0.115896
1 0.886967 0.113033
0 0.344381 0.655619
1 0.887492 0.112508
0 0.178563 0.821437
0 0.325172 0.674828
1 0.884104 0.115896
1 0.886476 0.113524
1 0.877261 0.122739
1 0.880051 0.119949
1 0.612852 0.387148
1 0.874544 0.125456
1 0.860402 0.139598
1 0.902082 0.0979181
1 0.884104 0.115896
1 0.879203 0.120797
0 0.251436 0.748564
0 0.178563 0.821437
1 0.884104 0.115896
1 0.882915 0.117085
0 0.242363 0.757637
1 0.88795 0.11205
1 0.878183 0.121817
0 0.246988 0.753012
1 0.650275 0.349725
1 0.884104 0.115896
1 0.887492 0.112508
1 0.896163 0.103837
1 0.871739 0.128261
1 0.815291 0.184709
0 0.242363 0.757637
1 0.884104 0.115896
1 0.871702 0.128298
1 0.893645 0.106355
1 0.860621 0.139379
1 0.879655 0.120345
1 0.884104 0.115896
1 0.892686 0.107314
1 0.884104 0.115896
1 0.884104 0.115896
1 0.873507 0.126493
1 0.919743 0.0802569
1 0.884104 0.115896
1 0.902941 0.0970593
0 0.292454 0.707546
1 0.88066 0.11934
0 0.18361 0.81639
0 0.246187 0.753813
1 0.882542 0.117458
0 0.13006 0.86994
1 0.913189 0.0868106
0 0.33388 0.66612
0 0.346025 0.653975
0 0.177975 0.822025
1 0.861269 0.138731
1 0.885373 0.114627
0 0.353139 0.646861
0 0.246428 0.753572
0 0.24608 0.75392
1 0.884857 0.115143
1 0.88386 0.11614
1 0.884104 0.115896
1 0.874527 0.125473
1 0.892686 0.107314
1 0.871702 0.128298
0 0.464192 0.535808
1 0.884104 0.115896
0 0.318966 0.681034
0 0.365402 0.634598
0 0.331644 0.668356
0 0.179184 0.820816
1 0.879 0.121
0 0.133703 0.866297
0 0.454396 0.545604
1 0.78442 0.21558
0 0.469489 0.530511
1 0.545846 0.454154
0 0.179946 0.820054
1 0.631624 0.368376
1 0.873221 0.126779
1 0.884104 0.115896
1 0.872483 0.127517
1 0.896163 0.103837
1 0.860402 0.139598
1 0.643995 0.356005
0 0.180936 0.819064
1 0.865233 0.134767
0 0.136132 0.863868
1 0.570761 0.429239
1 0.896163 0.103837
1 0.884109 0.115891
1 0.893603 0.106397
1 0.877653 0.122347
1 0.883083 0.116917
1 0.887492 0.112508
0 0.214022 0.785978
1 0.878662 0.121338
0 0.351173 0.648827
1 0.883083 0.116917
1 0.884104 0.115896
1 0.874544 0.125456
1 0.871702 0.128298
1 0.896163 0.103837
1 0.889655 0.110345
1 0.880534 0.119466
1 0.88681 0.11319
1 0.884104 0.115896
1 0.873507 0.126493
1 0.884104 0.115896
1 0.883083 0.116917
1 0.533149 0.466851
1 0.909298 0.0907021
0 0.247013 0.752987
0 0.244059 0.755941
1 0.883998 0.116002
1 0.887447 0.112553
1 0.957557 0.0424426
0 0.242363 0.757637
1 0.917174 0.0828258
1 0.880373 0.119627
1 0.882752 0.117248
1 0.884104 0.115896
1 0.884104 0.115896
1 0.884104 0.115896
0 0.132214 0.867786
0 0.242363 0.757637
0 0.251327 0.748673
1 0.885373 0.114627
1 0.804142 0.195858
0 0.351173 0.648827
0 0.136132 0.863868
1 0.883083 0.116917
0 0.179838 0.820162
1 0.887492 0.112508
1 0.868529 0.131471
0 0.191439 0.808561
1 0.573417 0.426583
1 0.884104 0.115896
0 0.245143 0.754857
1 0.883083 0.116917
1 0.896379 0.103621
0 0.399816 0.600184
1 0.884104 0.115896
1 0.871702 0.128298
1 0.896515 0.103485
1 0.883083 0.116917
1 0.884104 0.115896
1 0.884104 0.115896
1 0.873507 0.126493
1 0.895516 0.104484
1 0.887492 0.112508
0 0.24595 0.75405
1 0.860402 0.139598
1 0.872093 0.127907
0 0.181247 0.818753
0 0.131149 0.868851
1 0.739987 0.260013
1 0.894601 0.105399
1 0.884104 0.115896
0 0.270626 0.729374
0 0.249141 0.750859
1 0.871702 0.128298
1 0.887409 0.112591
1 0.87941 0.12059
0 0.172641 0.827359
1 0.543433 0.456567
0 0.3419 0.6581
1 0.873507 0.126493
1 0.884104 0.115896
0 0.193748 0.806252
0 0.178453 0.821547
1 0.506484 0.493516
1 0.712027 0.287973
1 0.881841 0.118159
0 0.178421 0.821579
1 0.883083 0.116917
0 0.18132 0.81868
1 0.881547 0.118453
1 0.884104 0.115896
1 0.900144 0.0998563
1 0.513251 0.486749
1 0.884104 0.115896
1 0.874581 0.125419
1 0.880088 0.119912
1 0.9103 0.0897003
1 0.877479 0.122521
1 0.620223 0.379777
1 0.879031 0.120969
1 0.893645 0.106355
1 0.87327 0.12673
1 0.726203 0.273797
0 0.18132 0.81868
0 0.242545 0.757455
1 0.884104 0.115896
1 0.651443 0.348557
1 0.871702 0.128298
1 0.884104 0.115896
1 0.884104 0.115896
1 0.896379 0.103621
1 0.883083 0.116917
0 0.451332 0.548668
1 0.879949 0.120051
1 0.884104 0.115896
1 0.893645 0.106355
1 0.866451 0.133549
1 0.907463 0.0925375
0 0.43611 0.56389
1 0.507048 0.492952
1 0.786076 0.213924
0 0.178453 0.821547
1 0.87376 0.12624
1 0.883083 0.116917
0 0.451332 0.548668
0 0.359917 0.640083
1 0.874585 0.125415
0 0.242363 0.757637
1 0.685913 0.314087
1 0.883083 0.116917
1 0.880772 0.119228
0 0.181273 0.818727
1 0.884104 0.115896
0 0.23307 0.76693
1 0.88116 0.11884
1 0.884104 0.115896
1 0.892686 0.107314
1 0.887409 0.112591
1 0.884857 0.115143
1 0.887492 0.112508
1 0.888022 0.111978
1 0.879252 0.120748
1 0.875317 0.124683
1 0.884104 0.115896
0 0.248054 0.751946
1 0.879501 0.120499
1 0.884104 0.115896
1 0.865889 0.134111
1 0.884104 0.115896
1 0.885373 0.114627
0 0.341199 0.658801
1 0.88063 0.11937
1 0.862815 0.137185
1 0.860402 0.139598
1 0.884104 0.115896
0 0.251453 0.748547
0 0.177975 0.822025
0 0.177975 0.822025
0 0.178686 0.821314
1 0.887492 0.112508
1 0.775064 0.224936
1 0.905043 0.0949568
1 0.908111 0.0918892
1 0.884104 0.115896
0 0.23976 0.76024
1 0.884704 0.115296
1 0.887492 0.112508
1 0.884104 0.115896
1 0.867212 0.132788
1 0.871854 0.128146
1 0.887492 0.112508
0 0.197482 0.802518
0 0.251398 0.748602
1 0.882354 0.117646
0 0.43412 0.56588
0 0.177975 0.822025
0 0.264983 0.735017
0 0.249141 0.750859
1 0.858935 0.141065
0 0.399816 0.600184
0 0.350623 0.649377
0 0.422344 0.577656
1 0.879752 0.120248
0 0.365839 0.634161
1 0.878092 0.121908
1 0.884104 0.115896
1 0.871702 0.128298
1 0.884951 0.115049
1 0.874886 0.125114
0 0.26074 0.73926
1 0.887547 0.112453
0 0.261964 0.738036
1 0.869242 0.130758
1 0.833824 0.166176
0 0.214022 0.785978
1 0.7217 0.2783
1 0.884104 0.115896
1 0.884104 0.115896
1 0.884104 0.115896
1 0.892686 0.107314
1 0.880088 0.119912
1 0.883347 0.116653
0 0.181684 0.818316
1 0.876574 0.123426
0 0.363024 0.636976
0 0.255496 0.744504
0 0.204438 0.795562
0 0.253987 0.746013
0 0.180936 0.819064
1 0.883083 0.116917
1 0.883149 0.116851
1 0.884104 0.115896
1 0.884104 0.115896
1 0.883083 0.116917
0 0.347705 0.652295
1 0.894243 0.105757
1 0.883083 0.116917
0 0.198799 0.801201
0 0.18132 0.81868
0 0.317923 0.682077
0 0.284297 0.715703
0 0.42517 0.57483
0 0.178686 0.821314
1 0.880511 0.119489
1 0.884104 0.115896
0 0.242363 0.757637
1 0.884104 0.115896
0 0.215753 0.784247
1 0.905983 0.0940171
1 0.883083 0.116917
1 0.884104 0.115896
1 0.884104 0.115896
1 0.887409 0.112591
1 0.884104 0.115896
1 0.883083 0.116917
1 0.883083 0.116917
1 0.871739 0.128261
1 0.868168 0.131832
1 0.881547 0.118453
1 0.869715 0.130285
1 0.884104 0.115896
1 0.883083 0.116917
1 0.814208 0.185792
1 0.890605 0.109395
1 0.887362 0.112638
1 0.884104 0.115896
1 0.874544 0.125456
1 0.862815 0.137185
1 0.884104 0.115896
0 0.246988 0.753012
0 0.49416 0.50584
1 0.884104 0.115896
1 0.887492 0.112508
1 0.506484 0.493516
0 0.246988 0.753012
0 0.336753 0.663247
1 0.626546 0.373454
0 0.221175 0.778825
0 0.332695 0.667305
0 0.246385 0.753615
1 0.888022 0.111978
0 0.178563 0.821437
0 0.267061 0.732939
1 0.879185 0.120815
0 0.245043 0.754957
1 0.884104 0.115896
1 0.884104 0.115896
0 0.180526 0.819474
1 0.884104 0.115896
1 0.884104 0.115896
1 0.728409 0.271591
0 0.359379 0.640621
1 0.554489 0.445511
1 0.678605 0.321395
1 0.883083 0.116917
0 0.243049 0.756951
1 0.885373 0.114627
0 0.179838 0.820162
0 0.186287 0.813713
1 0.887582 0.112418
1 0.884104 0.115896
1 0.879622 0.120378
0 0.331447 0.668553
0 0.248054 0.751946
0 0.277198 0.722802
0 0.18132 0.81868
1 0.808101 0.191899
1 0.542771 0.457229
1 0.88184 0.11816
1 0.911782 0.0882176
1 0.871702 0.128298
1 0.89509 0.10491
1 0.879655 0.120345
1 0.883738 0.116262
1 0.884104 0.115896
1 0.884104 0.115896
0 0.246988 0.753012
1 0.881826 0.118174
0 0.24207 0.75793
1 0.887492 0.112508
1 0.74132 0.25868
1 0.883083 0.116917
1 0.883809 0.116191
1 0.883039 0.116961
1 0.883083 0.116917
0 0.244113 0.755887
1 0.878008 0.121992
1 0.569291 0.430709
1 0.696219 0.303781
1 0.772648 0.227352
0 0.363609 0.636391
1 0.885373 0.114627
0 0.255078 0.744922
1 0.637378 0.362622
1 0.892686 0.107314
1 0.890897 0.109103
1 0.884104 0.115896
1 0.840357 0.159643
1 0.885373 0.114627
0 0.18132 0.81868
0 0.163663 0.836337
1 0.611012 0.388988
0 0.242363 0.757637
1 0.866996 0.133004
1 0.570016 0.429984
1 0.768273 0.231727
1 0.884104 0.115896
0 0.245742 0.754258
1 0.883083 0.116917
1 0.884104 0.115896
1 0.655558 0.344442
1 0.885373 0.114627
1 0.884104 0.115896
1 0.867085 0.132915
1 0.876102 0.123898
0 0.248669 0.751331
1 0.884104 0.115896
1 0.883083 0.116917
0 0.248054 0.751946
1 0.884104 0.115896
1 0.884104 0.115896
1 0.631438 0.368562
1 0.890632 0.109368
1 0.871702 0.128298
1 0.887492 0.112508
1 0.904296 0.095704
1 0.884104 0.115896
1 0.887492 0.112508
1 0.884104 0.115896
1 0.884104 0.115896
1 0.884104 0.115896
1 0.871863 0.128137
1 0.685557 0.314443
1 0.882945 0.117055
1 0.892686 0.107314
1 0.890605 0.109395
1 0.570761 0.429239
0 0.24207 0.75793
1 0.896919 0.103081
1 0.871702 0.128298
1 0.887492 0.112508
0 0.179203 0.820797
1 0.788397 0.211603
0 0.131149 0.868851
0 0.18132 0.81868
1 0.883083 0.116917
1 0.886364 0.113636
0 0.359294 0.640706
0 0.248669 0.751331
1 0.868529 0.131471
1 0.881248 0.118752
1 0.887219 0.112781
0 0.325172 0.674828
1 0.887492 0.112508
1 0.672523 0.327477
0 0.180579 0.819421
0 0.160728